<?xml version="1.0" encoding="UTF-8"?>
<testng-results ignored="0" total="1" passed="1" failed="0" skipped="0">
  <reporter-output>
  </reporter-output>
  <suite started-at="2025-06-26T11:05:44 IST" name="Default suite" finished-at="2025-06-26T11:05:49 IST" duration-ms="4862">
    <groups>
    </groups>
    <test started-at="2025-06-26T11:05:44 IST" name="Default test" finished-at="2025-06-26T11:05:49 IST" duration-ms="4862">
      <class name="testScript.SwagLabsTest">
        <test-method is-config="true" signature="setup()[pri:0, instance:testScript.SwagLabsTest@606e4010]" started-at="2025-06-26T11:05:44 IST" name="setup" finished-at="2025-06-26T11:05:46 IST" duration-ms="2071" status="PASS">
          <reporter-output>
          </reporter-output>
        </test-method> <!-- setup -->
        <test-method is-config="true" signature="login()[pri:0, instance:testScript.SwagLabsTest@606e4010]" started-at="2025-06-26T11:05:46 IST" name="login" finished-at="2025-06-26T11:05:47 IST" duration-ms="964" status="PASS">
          <reporter-output>
          </reporter-output>
        </test-method> <!-- login -->
        <test-method signature="testAddItemsAndCheckout()[pri:0, instance:testScript.SwagLabsTest@606e4010]" started-at="2025-06-26T11:05:47 IST" name="testAddItemsAndCheckout" finished-at="2025-06-26T11:05:49 IST" duration-ms="1324" status="PASS">
          <reporter-output>
          </reporter-output>
        </test-method> <!-- testAddItemsAndCheckout -->
        <test-method is-config="true" signature="logout()[pri:0, instance:testScript.SwagLabsTest@606e4010]" started-at="2025-06-26T11:05:49 IST" name="logout" finished-at="2025-06-26T11:05:49 IST" duration-ms="237" status="PASS">
          <reporter-output>
          </reporter-output>
        </test-method> <!-- logout -->
        <test-method is-config="true" signature="teardown()[pri:0, instance:testScript.SwagLabsTest@606e4010]" started-at="2025-06-26T11:05:49 IST" name="teardown" finished-at="2025-06-26T11:05:49 IST" duration-ms="219" status="PASS">
          <reporter-output>
          </reporter-output>
        </test-method> <!-- teardown -->
      </class> <!-- testScript.SwagLabsTest -->
    </test> <!-- Default test -->
  </suite> <!-- Default suite -->
</testng-results>
