<?xml version="1.0" encoding="UTF-8"?>
<testng-results ignored="0" total="3" passed="3" failed="0" skipped="0">
  <reporter-output>
  </reporter-output>
  <suite started-at="2025-06-29T11:49:13 IST" name="Suite" finished-at="2025-06-29T11:50:17 IST" duration-ms="64351">
    <groups>
    </groups>
    <test started-at="2025-06-29T11:49:13 IST" name="Test-0" finished-at="2025-06-29T11:49:45 IST" duration-ms="32016">
      <class name="testScript.SwagLabsTest">
        <test-method is-config="true" signature="setup()[pri:0, instance:testScript.SwagLabsTest@59939293]" started-at="2025-06-29T11:49:13 IST" name="setup" finished-at="2025-06-29T11:49:24 IST" duration-ms="10676" status="PASS">
          <reporter-output>
          </reporter-output>
        </test-method> <!-- setup -->
        <test-method is-config="true" signature="login()[pri:0, instance:testScript.SwagLabsTest@59939293]" started-at="2025-06-29T11:49:24 IST" name="login" finished-at="2025-06-29T11:49:37 IST" duration-ms="13045" status="PASS">
          <reporter-output>
          </reporter-output>
        </test-method> <!-- login -->
        <test-method signature="testAddItemsAndCheckout()[pri:0, instance:testScript.SwagLabsTest@59939293]" started-at="2025-06-29T11:49:37 IST" name="testAddItemsAndCheckout" finished-at="2025-06-29T11:49:43 IST" duration-ms="6290" status="PASS">
          <reporter-output>
          </reporter-output>
        </test-method> <!-- testAddItemsAndCheckout -->
        <test-method is-config="true" signature="logout()[pri:0, instance:testScript.SwagLabsTest@59939293]" started-at="2025-06-29T11:49:44 IST" name="logout" finished-at="2025-06-29T11:49:44 IST" duration-ms="953" status="PASS">
          <reporter-output>
          </reporter-output>
        </test-method> <!-- logout -->
        <test-method is-config="true" signature="teardown()[pri:0, instance:testScript.SwagLabsTest@59939293]" started-at="2025-06-29T11:49:44 IST" name="teardown" finished-at="2025-06-29T11:49:45 IST" duration-ms="367" status="PASS">
          <reporter-output>
          </reporter-output>
        </test-method> <!-- teardown -->
      </class> <!-- testScript.SwagLabsTest -->
    </test> <!-- Test-0 -->
    <test started-at="2025-06-29T11:49:13 IST" name="Test-1" finished-at="2025-06-29T11:49:55 IST" duration-ms="42034">
      <class name="testScript.SwagLabsTest">
        <test-method is-config="true" signature="setup()[pri:0, instance:testScript.SwagLabsTest@20580d4e]" started-at="2025-06-29T11:49:13 IST" name="setup" finished-at="2025-06-29T11:49:29 IST" duration-ms="15846" status="PASS">
          <reporter-output>
          </reporter-output>
        </test-method> <!-- setup -->
        <test-method is-config="true" signature="login()[pri:0, instance:testScript.SwagLabsTest@20580d4e]" started-at="2025-06-29T11:49:29 IST" name="login" finished-at="2025-06-29T11:49:41 IST" duration-ms="12353" status="PASS">
          <reporter-output>
          </reporter-output>
        </test-method> <!-- login -->
        <test-method signature="testAddItemsAndCheckout()[pri:0, instance:testScript.SwagLabsTest@20580d4e]" started-at="2025-06-29T11:49:41 IST" name="testAddItemsAndCheckout" finished-at="2025-06-29T11:49:48 IST" duration-ms="6422" status="PASS">
          <reporter-output>
          </reporter-output>
        </test-method> <!-- testAddItemsAndCheckout -->
        <test-method is-config="true" signature="logout()[pri:0, instance:testScript.SwagLabsTest@20580d4e]" started-at="2025-06-29T11:49:48 IST" name="logout" finished-at="2025-06-29T11:49:49 IST" duration-ms="1122" status="PASS">
          <reporter-output>
          </reporter-output>
        </test-method> <!-- logout -->
        <test-method is-config="true" signature="teardown()[pri:0, instance:testScript.SwagLabsTest@20580d4e]" started-at="2025-06-29T11:49:49 IST" name="teardown" finished-at="2025-06-29T11:49:55 IST" duration-ms="5621" status="PASS">
          <reporter-output>
          </reporter-output>
        </test-method> <!-- teardown -->
      </class> <!-- testScript.SwagLabsTest -->
    </test> <!-- Test-1 -->
    <test started-at="2025-06-29T11:49:13 IST" name="Test-2" finished-at="2025-06-29T11:50:17 IST" duration-ms="64349">
      <class name="testScript.SwagLabsTest">
        <test-method is-config="true" signature="setup()[pri:0, instance:testScript.SwagLabsTest@2d0b05]" started-at="2025-06-29T11:49:13 IST" name="setup" finished-at="2025-06-29T11:49:44 IST" duration-ms="30615" status="PASS">
          <reporter-output>
          </reporter-output>
        </test-method> <!-- setup -->
        <test-method is-config="true" signature="login()[pri:0, instance:testScript.SwagLabsTest@2d0b05]" started-at="2025-06-29T11:49:44 IST" name="login" finished-at="2025-06-29T11:50:00 IST" duration-ms="16625" status="PASS">
          <reporter-output>
          </reporter-output>
        </test-method> <!-- login -->
        <test-method signature="testAddItemsAndCheckout()[pri:0, instance:testScript.SwagLabsTest@2d0b05]" started-at="2025-06-29T11:50:00 IST" name="testAddItemsAndCheckout" finished-at="2025-06-29T11:50:13 IST" duration-ms="13020" status="PASS">
          <reporter-output>
          </reporter-output>
        </test-method> <!-- testAddItemsAndCheckout -->
        <test-method is-config="true" signature="logout()[pri:0, instance:testScript.SwagLabsTest@2d0b05]" started-at="2025-06-29T11:50:14 IST" name="logout" finished-at="2025-06-29T11:50:16 IST" duration-ms="2474" status="PASS">
          <reporter-output>
          </reporter-output>
        </test-method> <!-- logout -->
        <test-method is-config="true" signature="teardown()[pri:0, instance:testScript.SwagLabsTest@2d0b05]" started-at="2025-06-29T11:50:16 IST" name="teardown" finished-at="2025-06-29T11:50:17 IST" duration-ms="864" status="PASS">
          <reporter-output>
          </reporter-output>
        </test-method> <!-- teardown -->
      </class> <!-- testScript.SwagLabsTest -->
    </test> <!-- Test-2 -->
  </suite> <!-- Suite -->
</testng-results>
